This is pdfTeX, Version 3.141592653-2.6-1.40.26 (TeX Live 2024) (preloaded format=pdflatex 2025.2.12)  11 JUN 2026 21:58
entering extended mode
 restricted \write18 enabled.
 %&-line parsing enabled.
**main.tex
(./main.tex
LaTeX2e <2024-11-01> patch level 2
L3 programming layer <2025-01-18>
(d:/Programs/texlive/2024/texmf-dist/tex/latex/extsizes/extarticle.cls
Document Class: extarticle 1996/10/08 v1.0 Non Standard LaTeX document class
(d:/Programs/texlive/2024/texmf-dist/tex/latex/base/size12.clo
File: size12.clo 2024/06/29 v1.4n Standard LaTeX file (size option)
)
(d:/Programs/texlive/2024/texmf-dist/tex/latex/base/exscale.sty
Package: exscale 2018/09/24 v2.1i Standard LaTeX package exscale
LaTeX Font Info:    Redeclaring symbol font `largesymbols' on input line 57.
LaTeX Font Info:    Overwriting symbol font `largesymbols' in version `normal'
(Font)                  OMX/cmex/m/n --> OMX/cmex/m/n on input line 57.
LaTeX Font Info:    Overwriting symbol font `largesymbols' in version `bold'
(Font)                  OMX/cmex/m/n --> OMX/cmex/m/n on input line 57.
\big@size=\dimen141
)
\c@part=\count196
\c@section=\count197
\c@subsection=\count198
\c@subsubsection=\count199
\c@paragraph=\count266
\c@subparagraph=\count267
\c@figure=\count268
\c@table=\count269
\abovecaptionskip=\skip49
\belowcaptionskip=\skip50
\bibindent=\dimen142
)
(d:/Programs/texlive/2024/texmf-dist/tex/latex/cmap/cmap.sty
Package: cmap 2021/02/06 v1.0j CMap support: searchable PDF
)
(d:/Programs/texlive/2024/texmf-dist/tex/latex/t2/mathtext.sty
Package: mathtext 2018/04/14 v1.0 transparent text-and-math defs
LaTeX Info: Redefining \halign on input line 121.
)
(d:/Programs/texlive/2024/texmf-dist/tex/latex/base/fontenc.sty
Package: fontenc 2021/04/29 v2.0v Standard LaTeX package

(d:/Programs/texlive/2024/texmf-dist/tex/latex/cyrillic/t2aenc.def
File: t2aenc.def 2023/11/07 v1.0k Cyrillic encoding definition file
Now handling font encoding T2A ...
... processing UTF-8 mapping file for font encoding T2A

(d:/Programs/texlive/2024/texmf-dist/tex/latex/base/t2aenc.dfu
File: t2aenc.dfu 2022/06/07 v1.3c UTF-8 support
   defining Unicode char U+00A4 (decimal 164)
   defining Unicode char U+00A7 (decimal 167)
   defining Unicode char U+00AB (decimal 171)
   defining Unicode char U+00BB (decimal 187)
   defining Unicode char U+0131 (decimal 305)
   defining Unicode char U+0237 (decimal 567)
   defining Unicode char U+0400 (decimal 1024)
   defining Unicode char U+0401 (decimal 1025)
   defining Unicode char U+0402 (decimal 1026)
   defining Unicode char U+0403 (decimal 1027)
   defining Unicode char U+0404 (decimal 1028)
   defining Unicode char U+0405 (decimal 1029)
   defining Unicode char U+0406 (decimal 1030)
   defining Unicode char U+0407 (decimal 1031)
   defining Unicode char U+0408 (decimal 1032)
   defining Unicode char U+0409 (decimal 1033)
   defining Unicode char U+040A (decimal 1034)
   defining Unicode char U+040B (decimal 1035)
   defining Unicode char U+040C (decimal 1036)
   defining Unicode char U+040D (decimal 1037)
   defining Unicode char U+040E (decimal 1038)
   defining Unicode char U+040F (decimal 1039)
   defining Unicode char U+0410 (decimal 1040)
   defining Unicode char U+0411 (decimal 1041)
   defining Unicode char U+0412 (decimal 1042)
   defining Unicode char U+0413 (decimal 1043)
   defining Unicode char U+0414 (decimal 1044)
   defining Unicode char U+0415 (decimal 1045)
   defining Unicode char U+0416 (decimal 1046)
   defining Unicode char U+0417 (decimal 1047)
   defining Unicode char U+0418 (decimal 1048)
   defining Unicode char U+0419 (decimal 1049)
   defining Unicode char U+041A (decimal 1050)
   defining Unicode char U+041B (decimal 1051)
   defining Unicode char U+041C (decimal 1052)
   defining Unicode char U+041D (decimal 1053)
   defining Unicode char U+041E (decimal 1054)
   defining Unicode char U+041F (decimal 1055)
   defining Unicode char U+0420 (decimal 1056)
   defining Unicode char U+0421 (decimal 1057)
   defining Unicode char U+0422 (decimal 1058)
   defining Unicode char U+0423 (decimal 1059)
   defining Unicode char U+0424 (decimal 1060)
   defining Unicode char U+0425 (decimal 1061)
   defining Unicode char U+0426 (decimal 1062)
   defining Unicode char U+0427 (decimal 1063)
   defining Unicode char U+0428 (decimal 1064)
   defining Unicode char U+0429 (decimal 1065)
   defining Unicode char U+042A (decimal 1066)
   defining Unicode char U+042B (decimal 1067)
   defining Unicode char U+042C (decimal 1068)
   defining Unicode char U+042D (decimal 1069)
   defining Unicode char U+042E (decimal 1070)
   defining Unicode char U+042F (decimal 1071)
   defining Unicode char U+0430 (decimal 1072)
   defining Unicode char U+0431 (decimal 1073)
   defining Unicode char U+0432 (decimal 1074)
   defining Unicode char U+0433 (decimal 1075)
   defining Unicode char U+0434 (decimal 1076)
   defining Unicode char U+0435 (decimal 1077)
   defining Unicode char U+0436 (decimal 1078)
   defining Unicode char U+0437 (decimal 1079)
   defining Unicode char U+0438 (decimal 1080)
   defining Unicode char U+0439 (decimal 1081)
   defining Unicode char U+043A (decimal 1082)
   defining Unicode char U+043B (decimal 1083)
   defining Unicode char U+043C (decimal 1084)
   defining Unicode char U+043D (decimal 1085)
   defining Unicode char U+043E (decimal 1086)
   defining Unicode char U+043F (decimal 1087)
   defining Unicode char U+0440 (decimal 1088)
   defining Unicode char U+0441 (decimal 1089)
   defining Unicode char U+0442 (decimal 1090)
   defining Unicode char U+0443 (decimal 1091)
   defining Unicode char U+0444 (decimal 1092)
   defining Unicode char U+0445 (decimal 1093)
   defining Unicode char U+0446 (decimal 1094)
   defining Unicode char U+0447 (decimal 1095)
   defining Unicode char U+0448 (decimal 1096)
   defining Unicode char U+0449 (decimal 1097)
   defining Unicode char U+044A (decimal 1098)
   defining Unicode char U+044B (decimal 1099)
   defining Unicode char U+044C (decimal 1100)
   defining Unicode char U+044D (decimal 1101)
   defining Unicode char U+044E (decimal 1102)
   defining Unicode char U+044F (decimal 1103)
   defining Unicode char U+0450 (decimal 1104)
   defining Unicode char U+0451 (decimal 1105)
   defining Unicode char U+0452 (decimal 1106)
   defining Unicode char U+0453 (decimal 1107)
   defining Unicode char U+0454 (decimal 1108)
   defining Unicode char U+0455 (decimal 1109)
   defining Unicode char U+0456 (decimal 1110)
   defining Unicode char U+0457 (decimal 1111)
   defining Unicode char U+0458 (decimal 1112)
   defining Unicode char U+0459 (decimal 1113)
   defining Unicode char U+045A (decimal 1114)
   defining Unicode char U+045B (decimal 1115)
   defining Unicode char U+045C (decimal 1116)
   defining Unicode char U+045D (decimal 1117)
   defining Unicode char U+045E (decimal 1118)
   defining Unicode char U+045F (decimal 1119)
   defining Unicode char U+0490 (decimal 1168)
   defining Unicode char U+0491 (decimal 1169)
   defining Unicode char U+0492 (decimal 1170)
   defining Unicode char U+0493 (decimal 1171)
   defining Unicode char U+0496 (decimal 1174)
   defining Unicode char U+0497 (decimal 1175)
   defining Unicode char U+0498 (decimal 1176)
   defining Unicode char U+0499 (decimal 1177)
   defining Unicode char U+049A (decimal 1178)
   defining Unicode char U+049B (decimal 1179)
   defining Unicode char U+049C (decimal 1180)
   defining Unicode char U+049D (decimal 1181)
   defining Unicode char U+04A0 (decimal 1184)
   defining Unicode char U+04A1 (decimal 1185)
   defining Unicode char U+04A2 (decimal 1186)
   defining Unicode char U+04A3 (decimal 1187)
   defining Unicode char U+04A4 (decimal 1188)
   defining Unicode char U+04A5 (decimal 1189)
   defining Unicode char U+04AA (decimal 1194)
   defining Unicode char U+04AB (decimal 1195)
   defining Unicode char U+04AE (decimal 1198)
   defining Unicode char U+04AF (decimal 1199)
   defining Unicode char U+04B0 (decimal 1200)
   defining Unicode char U+04B1 (decimal 1201)
   defining Unicode char U+04B2 (decimal 1202)
   defining Unicode char U+04B3 (decimal 1203)
   defining Unicode char U+04B6 (decimal 1206)
   defining Unicode char U+04B7 (decimal 1207)
   defining Unicode char U+04B8 (decimal 1208)
   defining Unicode char U+04B9 (decimal 1209)
   defining Unicode char U+04BA (decimal 1210)
   defining Unicode char U+04BB (decimal 1211)
   defining Unicode char U+04C0 (decimal 1216)
   defining Unicode char U+04C1 (decimal 1217)
   defining Unicode char U+04C2 (decimal 1218)
   defining Unicode char U+04D0 (decimal 1232)
   defining Unicode char U+04D1 (decimal 1233)
   defining Unicode char U+04D2 (decimal 1234)
   defining Unicode char U+04D3 (decimal 1235)
   defining Unicode char U+04D4 (decimal 1236)
   defining Unicode char U+04D5 (decimal 1237)
   defining Unicode char U+04D6 (decimal 1238)
   defining Unicode char U+04D7 (decimal 1239)
   defining Unicode char U+04D8 (decimal 1240)
   defining Unicode char U+04D9 (decimal 1241)
   defining Unicode char U+04DA (decimal 1242)
   defining Unicode char U+04DB (decimal 1243)
   defining Unicode char U+04DC (decimal 1244)
   defining Unicode char U+04DD (decimal 1245)
   defining Unicode char U+04DE (decimal 1246)
   defining Unicode char U+04DF (decimal 1247)
   defining Unicode char U+04E2 (decimal 1250)
   defining Unicode char U+04E3 (decimal 1251)
   defining Unicode char U+04E4 (decimal 1252)
   defining Unicode char U+04E5 (decimal 1253)
   defining Unicode char U+04E6 (decimal 1254)
   defining Unicode char U+04E7 (decimal 1255)
   defining Unicode char U+04E8 (decimal 1256)
   defining Unicode char U+04E9 (decimal 1257)
   defining Unicode char U+04EC (decimal 1260)
   defining Unicode char U+04ED (decimal 1261)
   defining Unicode char U+04EE (decimal 1262)
   defining Unicode char U+04EF (decimal 1263)
   defining Unicode char U+04F0 (decimal 1264)
   defining Unicode char U+04F1 (decimal 1265)
   defining Unicode char U+04F2 (decimal 1266)
   defining Unicode char U+04F3 (decimal 1267)
   defining Unicode char U+04F4 (decimal 1268)
   defining Unicode char U+04F5 (decimal 1269)
   defining Unicode char U+04F8 (decimal 1272)
   defining Unicode char U+04F9 (decimal 1273)
   defining Unicode char U+200C (decimal 8204)
   defining Unicode char U+2013 (decimal 8211)
   defining Unicode char U+2014 (decimal 8212)
   defining Unicode char U+2018 (decimal 8216)
   defining Unicode char U+2019 (decimal 8217)
   defining Unicode char U+201C (decimal 8220)
   defining Unicode char U+201D (decimal 8221)
   defining Unicode char U+201E (decimal 8222)
   defining Unicode char U+2030 (decimal 8240)
   defining Unicode char U+2031 (decimal 8241)
   defining Unicode char U+2116 (decimal 8470)
   defining Unicode char U+2329 (decimal 9001)
   defining Unicode char U+3008 (decimal 12296)
   defining Unicode char U+232A (decimal 9002)
   defining Unicode char U+3009 (decimal 12297)
   defining Unicode char U+2423 (decimal 9251)
   defining Unicode char U+27E8 (decimal 10216)
   defining Unicode char U+27E9 (decimal 10217)
   defining Unicode char U+FB00 (decimal 64256)
   defining Unicode char U+FB01 (decimal 64257)
   defining Unicode char U+FB02 (decimal 64258)
   defining Unicode char U+FB03 (decimal 64259)
   defining Unicode char U+FB04 (decimal 64260)
   defining Unicode char U+FB05 (decimal 64261)
   defining Unicode char U+FB06 (decimal 64262)
)
\symT2Aletters=\mathgroup4
)
LaTeX Font Info:    Trying to load font information for T2A+cmr on input line 1
16.

(d:/Programs/texlive/2024/texmf-dist/tex/latex/cyrillic/t2acmr.fd
File: t2acmr.fd 2001/08/11 v1.0a Computer Modern Cyrillic font definitions
)<<t2a.cmap>>) (d:/Programs/texlive/2024/texmf-dist/tex/latex/base/inputenc.sty
Package: inputenc 2024/02/08 v1.3d Input encoding file
\inpenc@prehook=\toks17
\inpenc@posthook=\toks18
)
(d:/Programs/texlive/2024/texmf-dist/tex/generic/babel/babel.sty
Package: babel 2025/02/02 v25.3 The multilingual framework for pdfLaTeX, LuaLaT
eX and XeLaTeX
\babel@savecnt=\count270
\U@D=\dimen143
\l@unhyphenated=\language90

(d:/Programs/texlive/2024/texmf-dist/tex/generic/babel/txtbabel.def)
\bbl@readstream=\read2
\bbl@dirlevel=\count271

(d:/Programs/texlive/2024/texmf-dist/tex/generic/babel-russian/russianb.ldf
File: russianb.ldf 2021/01/10 1.3m Russian support for the Babel system
Language: russian 2020/09/09 1.3k Russian support for the Babel system
Package babel Info: Making " an active character on input line 124.
Package babel Info: Default for \cyrdash is provided on input line 163.
)
(d:/Programs/texlive/2024/texmf-dist/tex/generic/babel-english/english.ldf
Language: english 2017/06/06 v3.3r English support from the babel system
Package babel Info: Hyphen rules for 'canadian' set to \l@english
(babel)             (\language0). Reported on input line 102.
Package babel Info: Hyphen rules for 'australian' set to \l@ukenglish
(babel)             (\language24). Reported on input line 105.
Package babel Info: Hyphen rules for 'newzealand' set to \l@ukenglish
(babel)             (\language24). Reported on input line 108.
))
(d:/Programs/texlive/2024/texmf-dist/tex/generic/babel/locale/en/babel-english.
tex
Package babel Info: Importing font and identification data for english
(babel)             from babel-en.ini. Reported on input line 11.
)
(d:/Programs/texlive/2024/texmf-dist/tex/generic/babel/locale/ru/babel-russian.
tex
Package babel Info: Importing font and identification data for russian
(babel)             from babel-ru.ini. Reported on input line 11.
) (d:/Programs/texlive/2024/texmf-dist/tex/latex/amsmath/amsmath.sty
Package: amsmath 2024/11/05 v2.17t AMS math features
\@mathmargin=\skip51

For additional information on amsmath, use the `?' option.
(d:/Programs/texlive/2024/texmf-dist/tex/latex/amsmath/amstext.sty
Package: amstext 2021/08/26 v2.01 AMS text

(d:/Programs/texlive/2024/texmf-dist/tex/latex/amsmath/amsgen.sty
File: amsgen.sty 1999/11/30 v2.0 generic functions
\@emptytoks=\toks19
\ex@=\dimen144
))
(d:/Programs/texlive/2024/texmf-dist/tex/latex/amsmath/amsbsy.sty
Package: amsbsy 1999/11/29 v1.2d Bold Symbols
\pmbraise@=\dimen145
)
(d:/Programs/texlive/2024/texmf-dist/tex/latex/amsmath/amsopn.sty
Package: amsopn 2022/04/08 v2.04 operator names
)
\inf@bad=\count272
LaTeX Info: Redefining \frac on input line 233.
\uproot@=\count273
\leftroot@=\count274
LaTeX Info: Redefining \overline on input line 398.
LaTeX Info: Redefining \colon on input line 409.
\classnum@=\count275
\DOTSCASE@=\count276
LaTeX Info: Redefining \ldots on input line 495.
LaTeX Info: Redefining \dots on input line 498.
LaTeX Info: Redefining \cdots on input line 619.
\Mathstrutbox@=\box52
\strutbox@=\box53
LaTeX Info: Redefining \big on input line 721.
LaTeX Info: Redefining \Big on input line 722.
LaTeX Info: Redefining \bigg on input line 723.
LaTeX Info: Redefining \Bigg on input line 724.
\big@size=\dimen146
LaTeX Font Info:    Redeclaring font encoding OML on input line 742.
\symOMLletters=\mathgroup5
LaTeX Font Info:    Redeclaring font encoding OMS on input line 743.
\symOMSletters=\mathgroup6
\macc@depth=\count277
LaTeX Info: Redefining \bmod on input line 904.
LaTeX Info: Redefining \pmod on input line 909.
LaTeX Info: Redefining \smash on input line 939.
LaTeX Info: Redefining \relbar on input line 969.
LaTeX Info: Redefining \Relbar on input line 970.
\c@MaxMatrixCols=\count278
\dotsspace@=\muskip17
\c@parentequation=\count279
\dspbrk@lvl=\count280
\tag@help=\toks20
\row@=\count281
\column@=\count282
\maxfields@=\count283
\andhelp@=\toks21
\eqnshift@=\dimen147
\alignsep@=\dimen148
\tagshift@=\dimen149
\tagwidth@=\dimen150
\totwidth@=\dimen151
\lineht@=\dimen152
\@envbody=\toks22
\multlinegap=\skip52
\multlinetaggap=\skip53
\mathdisplay@stack=\toks23
LaTeX Info: Redefining \[ on input line 2953.
LaTeX Info: Redefining \] on input line 2954.
)
(d:/Programs/texlive/2024/texmf-dist/tex/latex/amsfonts/amsfonts.sty
Package: amsfonts 2013/01/14 v3.01 Basic AMSFonts support
\symAMSa=\mathgroup7
\symAMSb=\mathgroup8
LaTeX Font Info:    Redeclaring math symbol \hbar on input line 98.
LaTeX Font Info:    Overwriting math alphabet `\mathfrak' in version `bold'
(Font)                  U/euf/m/n --> U/euf/b/n on input line 106.
)
(d:/Programs/texlive/2024/texmf-dist/tex/latex/amsfonts/amssymb.sty
Package: amssymb 2013/01/14 v3.01 AMS font symbols
)
(d:/Programs/texlive/2024/texmf-dist/tex/latex/amscls/amsthm.sty
Package: amsthm 2020/05/29 v2.20.6
\thm@style=\toks24
\thm@bodyfont=\toks25
\thm@headfont=\toks26
\thm@notefont=\toks27
\thm@headpunct=\toks28
\thm@preskip=\skip54
\thm@postskip=\skip55
\thm@headsep=\skip56
\dth@everypar=\toks29
)
(d:/Programs/texlive/2024/texmf-dist/tex/latex/mathtools/mathtools.sty
Package: mathtools 2024/10/04 v1.31 mathematical typesetting tools

(d:/Programs/texlive/2024/texmf-dist/tex/latex/graphics/keyval.sty
Package: keyval 2022/05/29 v1.15 key=value parser (DPC)
\KV@toks@=\toks30
)
(d:/Programs/texlive/2024/texmf-dist/tex/latex/tools/calc.sty
Package: calc 2023/07/08 v4.3 Infix arithmetic (KKT,FJ)
\calc@Acount=\count284
\calc@Bcount=\count285
\calc@Adimen=\dimen153
\calc@Bdimen=\dimen154
\calc@Askip=\skip57
\calc@Bskip=\skip58
LaTeX Info: Redefining \setlength on input line 80.
LaTeX Info: Redefining \addtolength on input line 81.
\calc@Ccount=\count286
\calc@Cskip=\skip59
)
(d:/Programs/texlive/2024/texmf-dist/tex/latex/mathtools/mhsetup.sty
Package: mhsetup 2021/03/18 v1.4 programming setup (MH)
)
\g_MT_multlinerow_int=\count287
\l_MT_multwidth_dim=\dimen155
\origjot=\skip60
\l_MT_shortvdotswithinadjustabove_dim=\dimen156
\l_MT_shortvdotswithinadjustbelow_dim=\dimen157
\l_MT_above_intertext_sep=\dimen158
\l_MT_below_intertext_sep=\dimen159
\l_MT_above_shortintertext_sep=\dimen160
\l_MT_below_shortintertext_sep=\dimen161
\xmathstrut@box=\box54
\xmathstrut@dim=\dimen162
)
(d:/Programs/texlive/2024/texmf-dist/tex/latex/was/icomma.sty
Package: icomma 2002/03/10 v2.0 (WaS)
)
(d:/Programs/texlive/2024/texmf-dist/tex/latex/amsfonts/euscript.sty
Package: euscript 2009/06/22 v3.00 Euler Script fonts
LaTeX Font Info:    Overwriting math alphabet `\EuScript' in version `bold'
(Font)                  U/eus/m/n --> U/eus/b/n on input line 33.
)
(d:/Programs/texlive/2024/texmf-dist/tex/latex/jknapltx/mathrsfs.sty
Package: mathrsfs 1996/01/01 Math RSFS package v1.0 (jk)
\symrsfs=\mathgroup9
)
(d:/Programs/texlive/2024/texmf-dist/tex/latex/xcolor/xcolor.sty
Package: xcolor 2024/09/29 v3.02 LaTeX color extensions (UK)

(d:/Programs/texlive/2024/texmf-dist/tex/latex/graphics-cfg/color.cfg
File: color.cfg 2016/01/02 v1.6 sample color configuration
)
Package xcolor Info: Driver file: pdftex.def on input line 274.

(d:/Programs/texlive/2024/texmf-dist/tex/latex/graphics-def/pdftex.def
File: pdftex.def 2024/04/13 v1.2c Graphics/color driver for pdftex
)
(d:/Programs/texlive/2024/texmf-dist/tex/latex/graphics/mathcolor.ltx)
Package xcolor Info: Model `cmy' substituted by `cmy0' on input line 1349.
Package xcolor Info: Model `hsb' substituted by `rgb' on input line 1353.
Package xcolor Info: Model `RGB' extended on input line 1365.
Package xcolor Info: Model `HTML' substituted by `rgb' on input line 1367.
Package xcolor Info: Model `Hsb' substituted by `hsb' on input line 1368.
Package xcolor Info: Model `tHsb' substituted by `hsb' on input line 1369.
Package xcolor Info: Model `HSB' substituted by `hsb' on input line 1370.
Package xcolor Info: Model `Gray' substituted by `gray' on input line 1371.
Package xcolor Info: Model `wave' substituted by `hsb' on input line 1372.
)
(d:/Programs/texlive/2024/texmf-dist/tex/latex/geometry/geometry.sty
Package: geometry 2020/01/02 v5.9 Page Geometry

(d:/Programs/texlive/2024/texmf-dist/tex/generic/iftex/ifvtex.sty
Package: ifvtex 2019/10/25 v1.7 ifvtex legacy package. Use iftex instead.

(d:/Programs/texlive/2024/texmf-dist/tex/generic/iftex/iftex.sty
Package: iftex 2024/12/12 v1.0g TeX engine tests
))
\Gm@cnth=\count288
\Gm@cntv=\count289
\c@Gm@tempcnt=\count290
\Gm@bindingoffset=\dimen163
\Gm@wd@mp=\dimen164
\Gm@odd@mp=\dimen165
\Gm@even@mp=\dimen166
\Gm@layoutwidth=\dimen167
\Gm@layoutheight=\dimen168
\Gm@layouthoffset=\dimen169
\Gm@layoutvoffset=\dimen170
\Gm@dimlist=\toks31
)
(d:/Programs/texlive/2024/texmf-dist/tex/latex/enumitem/enumitem.sty
Package: enumitem 2025/02/06 v3.11 Customized lists
\labelindent=\skip61
\enit@outerparindent=\dimen171
\enit@toks=\toks32
\enit@inbox=\box55
\enit@count@id=\count291
\enitdp@description=\count292
)
(d:/Programs/texlive/2024/texmf-dist/tex/latex/caption/caption.sty
Package: caption 2023/08/05 v3.6o Customizing captions (AR)

(d:/Programs/texlive/2024/texmf-dist/tex/latex/caption/caption3.sty
Package: caption3 2023/07/31 v2.4d caption3 kernel (AR)
\caption@tempdima=\dimen172
\captionmargin=\dimen173
\caption@leftmargin=\dimen174
\caption@rightmargin=\dimen175
\caption@width=\dimen176
\caption@indent=\dimen177
\caption@parindent=\dimen178
\caption@hangindent=\dimen179
Package caption Info: Standard document class detected.
)
\c@caption@flags=\count293
\c@continuedfloat=\count294
)
(d:/Programs/texlive/2024/texmf-dist/tex/latex/graphics/graphicx.sty
Package: graphicx 2021/09/16 v1.2d Enhanced LaTeX Graphics (DPC,SPQR)

(d:/Programs/texlive/2024/texmf-dist/tex/latex/graphics/graphics.sty
Package: graphics 2024/08/06 v1.4g Standard LaTeX Graphics (DPC,SPQR)

(d:/Programs/texlive/2024/texmf-dist/tex/latex/graphics/trig.sty
Package: trig 2023/12/02 v1.11 sin cos tan (DPC)
)
(d:/Programs/texlive/2024/texmf-dist/tex/latex/graphics-cfg/graphics.cfg
File: graphics.cfg 2016/06/04 v1.11 sample graphics configuration
)
Package graphics Info: Driver file: pdftex.def on input line 106.
)
\Gin@req@height=\dimen180
\Gin@req@width=\dimen181
)
(d:/Programs/texlive/2024/texmf-dist/tex/latex/wrapfig/wrapfig.sty
\wrapoverhang=\dimen182
\WF@size=\dimen183
\c@WF@wrappedlines=\count295
\WF@box=\box56
\WF@everypar=\toks33
Package: wrapfig 2003/01/31  v 3.6
)
(d:/Programs/texlive/2024/texmf-dist/tex/latex/tools/array.sty
Package: array 2024/10/17 v2.6g Tabular extension package (FMi)
\col@sep=\dimen184
\ar@mcellbox=\box57
\extrarowheight=\dimen185
\NC@list=\toks34
\extratabsurround=\skip62
\backup@length=\skip63
\ar@cellbox=\box58
)
(d:/Programs/texlive/2024/texmf-dist/tex/latex/tools/tabularx.sty
Package: tabularx 2023/12/11 v2.12a `tabularx' package (DPC)
\TX@col@width=\dimen186
\TX@old@table=\dimen187
\TX@old@col=\dimen188
\TX@target=\dimen189
\TX@delta=\dimen190
\TX@cols=\count296
\TX@ftn=\toks35
)
(d:/Programs/texlive/2024/texmf-dist/tex/latex/tabulary/tabulary.sty
Package: tabulary 2024/06/04 v0.11 tabulary package (DPC)
\TY@count=\count297
\TY@linewidth=\dimen191
\tymin=\dimen192
\tymax=\dimen193
\TY@tablewidth=\dimen194
)
(d:/Programs/texlive/2024/texmf-dist/tex/latex/booktabs/booktabs.sty
Package: booktabs 2020/01/12 v1.61803398 Publication quality tables
\heavyrulewidth=\dimen195
\lightrulewidth=\dimen196
\cmidrulewidth=\dimen197
\belowrulesep=\dimen198
\belowbottomsep=\dimen199
\aboverulesep=\dimen256
\abovetopsep=\dimen257
\cmidrulesep=\dimen258
\cmidrulekern=\dimen259
\defaultaddspace=\dimen260
\@cmidla=\count298
\@cmidlb=\count299
\@aboverulesep=\dimen261
\@belowrulesep=\dimen262
\@thisruleclass=\count300
\@lastruleclass=\count301
\@thisrulewidth=\dimen263
)
(d:/Programs/texlive/2024/texmf-dist/tex/latex/tools/longtable.sty
Package: longtable 2024-10-27 v4.22 Multi-page Table package (DPC)
\LTleft=\skip64
\LTright=\skip65
\LTpre=\skip66
\LTpost=\skip67
\LTchunksize=\count302
\LTcapwidth=\dimen264
\LT@head=\box59
\LT@firsthead=\box60
\LT@foot=\box61
\LT@lastfoot=\box62
\LT@gbox=\box63
\LT@cols=\count303
\LT@rows=\count304
\c@LT@tables=\count305
\c@LT@chunks=\count306
\LT@p@ftn=\toks36
)
(d:/Programs/texlive/2024/texmf-dist/tex/latex/multirow/multirow.sty
Package: multirow 2024/11/12 v2.9 Span multiple rows of a table
\multirow@colwidth=\skip68
\multirow@cntb=\count307
\multirow@dima=\skip69
\bigstrutjot=\dimen265
)
(d:/Programs/texlive/2024/texmf-dist/tex/latex/makecell/makecell.sty
Package: makecell 2009/08/03 V0.1e Managing of Tab Column Heads and Cells
\rotheadsize=\dimen266
\c@nlinenum=\count308
\TeXr@lab=\toks37
)
(d:/Programs/texlive/2024/texmf-dist/tex/latex/tools/hhline.sty
Package: hhline 2020/01/04 v2.04 Table rule package (DPC)
)
(d:/Programs/texlive/2024/texmf-dist/tex/latex/hyperref/hyperref.sty
Package: hyperref 2024-11-05 v7.01l Hypertext links for LaTeX

(d:/Programs/texlive/2024/texmf-dist/tex/latex/kvsetkeys/kvsetkeys.sty
Package: kvsetkeys 2022-10-05 v1.19 Key value parser (HO)
)
(d:/Programs/texlive/2024/texmf-dist/tex/generic/kvdefinekeys/kvdefinekeys.sty
Package: kvdefinekeys 2019-12-19 v1.6 Define keys (HO)
) (d:/Programs/texlive/2024/texmf-dist/tex/generic/pdfescape/pdfescape.sty
Package: pdfescape 2019/12/09 v1.15 Implements pdfTeX's escape features (HO)

(d:/Programs/texlive/2024/texmf-dist/tex/generic/ltxcmds/ltxcmds.sty
Package: ltxcmds 2023-12-04 v1.26 LaTeX kernel commands for general use (HO)
)
(d:/Programs/texlive/2024/texmf-dist/tex/generic/pdftexcmds/pdftexcmds.sty
Package: pdftexcmds 2020-06-27 v0.33 Utility functions of pdfTeX for LuaTeX (HO
)

(d:/Programs/texlive/2024/texmf-dist/tex/generic/infwarerr/infwarerr.sty
Package: infwarerr 2019/12/03 v1.5 Providing info/warning/error messages (HO)
)
Package pdftexcmds Info: \pdf@primitive is available.
Package pdftexcmds Info: \pdf@ifprimitive is available.
Package pdftexcmds Info: \pdfdraftmode found.
))
(d:/Programs/texlive/2024/texmf-dist/tex/latex/hycolor/hycolor.sty
Package: hycolor 2020-01-27 v1.10 Color options for hyperref/bookmark (HO)
)
(d:/Programs/texlive/2024/texmf-dist/tex/latex/hyperref/nameref.sty
Package: nameref 2023-11-26 v2.56 Cross-referencing by name of section

(d:/Programs/texlive/2024/texmf-dist/tex/latex/refcount/refcount.sty
Package: refcount 2019/12/15 v3.6 Data extraction from label references (HO)
)
(d:/Programs/texlive/2024/texmf-dist/tex/generic/gettitlestring/gettitlestring.
sty
Package: gettitlestring 2019/12/15 v1.6 Cleanup title references (HO)
 (d:/Programs/texlive/2024/texmf-dist/tex/latex/kvoptions/kvoptions.sty
Package: kvoptions 2022-06-15 v3.15 Key value format for package options (HO)
))
\c@section@level=\count309
)
(d:/Programs/texlive/2024/texmf-dist/tex/latex/etoolbox/etoolbox.sty
Package: etoolbox 2025/02/11 v2.5l e-TeX tools for LaTeX (JAW)
\etb@tempcnta=\count310
)
(d:/Programs/texlive/2024/texmf-dist/tex/generic/stringenc/stringenc.sty
Package: stringenc 2019/11/29 v1.12 Convert strings between diff. encodings (HO
)
)
\@linkdim=\dimen267
\Hy@linkcounter=\count311
\Hy@pagecounter=\count312

(d:/Programs/texlive/2024/texmf-dist/tex/latex/hyperref/pd1enc.def
File: pd1enc.def 2024-11-05 v7.01l Hyperref: PDFDocEncoding definition (HO)
Now handling font encoding PD1 ...
... no UTF-8 mapping file for font encoding PD1
\symPD1letters=\mathgroup10
)
(d:/Programs/texlive/2024/texmf-dist/tex/generic/intcalc/intcalc.sty
Package: intcalc 2019/12/15 v1.3 Expandable calculations with integers (HO)
)
\Hy@SavedSpaceFactor=\count313

(d:/Programs/texlive/2024/texmf-dist/tex/latex/hyperref/puenc.def
File: puenc.def 2024-11-05 v7.01l Hyperref: PDF Unicode definition (HO)
Now handling font encoding PU ...
... no UTF-8 mapping file for font encoding PU
\symPUletters=\mathgroup11
)
Package hyperref Info: Option `unicode' set `true' on input line 3143.
Package hyperref Info: Option `unicode' set `true' on input line 4040.
Package hyperref Info: Hyper figures OFF on input line 4157.
Package hyperref Info: Link nesting OFF on input line 4162.
Package hyperref Info: Hyper index ON on input line 4165.
Package hyperref Info: Plain pages OFF on input line 4172.
Package hyperref Info: Backreferencing OFF on input line 4177.
Package hyperref Info: Implicit mode ON; LaTeX internals redefined.
Package hyperref Info: Bookmarks ON on input line 4424.
\c@Hy@tempcnt=\count314

(d:/Programs/texlive/2024/texmf-dist/tex/latex/url/url.sty
\Urlmuskip=\muskip18
Package: url 2013/09/16  ver 3.4  Verb mode for urls, etc.
)
LaTeX Info: Redefining \url on input line 4763.
\XeTeXLinkMargin=\dimen268

(d:/Programs/texlive/2024/texmf-dist/tex/generic/bitset/bitset.sty
Package: bitset 2019/12/09 v1.3 Handle bit-vector datatype (HO)

(d:/Programs/texlive/2024/texmf-dist/tex/generic/bigintcalc/bigintcalc.sty
Package: bigintcalc 2019/12/15 v1.5 Expandable calculations on big integers (HO
)
))
\Fld@menulength=\count315
\Field@Width=\dimen269
\Fld@charsize=\dimen270
Package hyperref Info: Hyper figures OFF on input line 6042.
Package hyperref Info: Link nesting OFF on input line 6047.
Package hyperref Info: Hyper index ON on input line 6050.
Package hyperref Info: backreferencing OFF on input line 6057.
Package hyperref Info: Link coloring OFF on input line 6062.
Package hyperref Info: Link coloring with OCG OFF on input line 6067.
Package hyperref Info: PDF/A mode OFF on input line 6072.

(d:/Programs/texlive/2024/texmf-dist/tex/latex/base/atbegshi-ltx.sty
Package: atbegshi-ltx 2021/01/10 v1.0c Emulation of the original atbegshi
package with kernel methods
)
\Hy@abspage=\count316
\c@Item=\count317
\c@Hfootnote=\count318
)
Package hyperref Info: Driver: hpdftex.

(d:/Programs/texlive/2024/texmf-dist/tex/latex/hyperref/hpdftex.def
File: hpdftex.def 2024-11-05 v7.01l Hyperref driver for pdfTeX

(d:/Programs/texlive/2024/texmf-dist/tex/latex/base/atveryend-ltx.sty
Package: atveryend-ltx 2020/08/19 v1.0a Emulation of the original atveryend pac
kage
with kernel methods
)
\Fld@listcount=\count319
\c@bookmark@seq@number=\count320

(d:/Programs/texlive/2024/texmf-dist/tex/latex/rerunfilecheck/rerunfilecheck.st
y
Package: rerunfilecheck 2022-07-10 v1.10 Rerun checks for auxiliary files (HO)

(d:/Programs/texlive/2024/texmf-dist/tex/generic/uniquecounter/uniquecounter.st
y
Package: uniquecounter 2019/12/15 v1.4 Provide unlimited unique counter (HO)
)
Package uniquecounter Info: New unique counter `rerunfilecheck' on input line 2
85.
)
\Hy@SectionHShift=\skip70
) (d:/Programs/texlive/2024/texmf-dist/tex/latex/tools/indentfirst.sty
Package: indentfirst 2023/07/02 v1.03 Indent first paragraph (DPC)
)
(d:/Programs/texlive/2024/texmf-dist/tex/latex/l3backend/l3backend-pdftex.def
File: l3backend-pdftex.def 2024-05-08 L3 backend support: PDF output (pdfTeX)
\l__color_backend_stack_int=\count321
\l__pdf_internal_box=\box64
)
(./main.aux)
\openout1 = `main.aux'.

LaTeX Font Info:    Checking defaults for OML/cmm/m/it on input line 84.
LaTeX Font Info:    ... okay on input line 84.
LaTeX Font Info:    Checking defaults for OMS/cmsy/m/n on input line 84.
LaTeX Font Info:    ... okay on input line 84.
LaTeX Font Info:    Checking defaults for OT1/cmr/m/n on input line 84.
LaTeX Font Info:    ... okay on input line 84.
LaTeX Font Info:    Checking defaults for T1/cmr/m/n on input line 84.
LaTeX Font Info:    ... okay on input line 84.
LaTeX Font Info:    Checking defaults for TS1/cmr/m/n on input line 84.
LaTeX Font Info:    ... okay on input line 84.
LaTeX Font Info:    Checking defaults for OMX/cmex/m/n on input line 84.
LaTeX Font Info:    ... okay on input line 84.
LaTeX Font Info:    Checking defaults for U/cmr/m/n on input line 84.
LaTeX Font Info:    ... okay on input line 84.
LaTeX Font Info:    Checking defaults for T2A/cmr/m/n on input line 84.
LaTeX Font Info:    ... okay on input line 84.
LaTeX Font Info:    Checking defaults for PD1/pdf/m/n on input line 84.
LaTeX Font Info:    ... okay on input line 84.
LaTeX Font Info:    Checking defaults for PU/pdf/m/n on input line 84.
LaTeX Font Info:    ... okay on input line 84.
LaTeX Info: Redefining \th on input line 84.

(d:/Programs/texlive/2024/texmf-dist/tex/context/base/mkii/supp-pdf.mkii
[Loading MPS to PDF converter (version 2006.09.02).]
\scratchcounter=\count322
\scratchdimen=\dimen271
\scratchbox=\box65
\nofMPsegments=\count323
\nofMParguments=\count324
\everyMPshowfont=\toks38
\MPscratchCnt=\count325
\MPscratchDim=\dimen272
\MPnumerator=\count326
\makeMPintoPDFobject=\count327
\everyMPtoPDFconversion=\toks39
) (d:/Programs/texlive/2024/texmf-dist/tex/latex/epstopdf-pkg/epstopdf-base.sty
Package: epstopdf-base 2020-01-24 v2.11 Base part for package epstopdf
Package epstopdf-base Info: Redefining graphics rule for `.eps' on input line 4
85.
(d:/Programs/texlive/2024/texmf-dist/tex/latex/latexconfig/epstopdf-sys.cfg
File: epstopdf-sys.cfg 2010/07/13 v1.3 Configuration of (r)epstopdf for TeX Liv
e
))
*geometry* driver: auto-detecting
*geometry* detected driver: pdftex
*geometry* verbose mode - [ preamble ] result:
* driver: pdftex
* paper: a4paper
* layout: <same size as paper>
* layoutoffset:(h,v)=(0.0pt,0.0pt)
* modes: 
* h-part:(L,W,R)=(85.35826pt, 455.24411pt, 56.9055pt)
* v-part:(T,H,B)=(56.9055pt, 731.23584pt, 56.9055pt)
* \paperwidth=597.50787pt
* \paperheight=845.04684pt
* \textwidth=455.24411pt
* \textheight=731.23584pt
* \oddsidemargin=13.08827pt
* \evensidemargin=13.08827pt
* \topmargin=-68.36449pt
* \headheight=28.0pt
* \headsep=25.0pt
* \topskip=12.0pt
* \footskip=30.0pt
* \marginparwidth=35.0pt
* \marginparsep=10.0pt
* \columnsep=10.0pt
* \skip\footins=10.8pt plus 4.0pt minus 2.0pt
* \hoffset=0.0pt
* \voffset=0.0pt
* \mag=1000
* \@twocolumnfalse
* \@twosidefalse
* \@mparswitchfalse
* \@reversemarginfalse
* (1in=72.27pt=25.4mm, 1cm=28.453pt)

Package caption Info: Begin \AtBeginDocument code.
Package caption Info: hyperref package is loaded.
Package caption Info: longtable package is loaded.
(d:/Programs/texlive/2024/texmf-dist/tex/latex/caption/ltcaption.sty
Package: ltcaption 2021/01/08 v1.4c longtable captions (AR)
)
Package caption Info: wrapfig package is loaded.
Package caption Info: End \AtBeginDocument code.
Package hyperref Info: Link coloring OFF on input line 84.

(./main.out) (./main.out)
\@outlinefile=\write3
\openout3 = `main.out'.

<images/MIPT_logo.jpg, id=93, 803.0pt x 401.5pt>
File: images/MIPT_logo.jpg Graphic file (type jpg)
<use images/MIPT_logo.jpg>
Package pdftex.def Info: images/MIPT_logo.jpg  used on input line 130.
(pdftex.def)             Requested size: 100.0pt x 49.99745pt.


[1

{d:/Programs/texlive/2024/texmf-var/fonts/map/pdftex/updmap/pdftex.map}{d:/Prog
rams/texlive/2024/texmf-dist/fonts/enc/dvips/cm-super/cm-super-t2a.enc} <./imag
es/MIPT_logo.jpg>]<<ot1.cmap>><<oml.cmap>><<oms.cmap>><<omx.cmap>>

LaTeX Font Warning: Font shape `T2A/cmr/m/up' undefined
(Font)              using `T2A/cmr/m/n' instead on input line 146.

LaTeX Font Info:    Trying to load font information for OML+cmr on input line 1
46.
(d:/Programs/texlive/2024/texmf-dist/tex/latex/base/omlcmr.fd
File: omlcmr.fd 2024/11/19 v2.5n Standard LaTeX font definitions
)

LaTeX Font Warning: Font shape `OML/cmr/m/up' undefined
(Font)              using `OML/cmr/m/it' instead on input line 146.

LaTeX Font Info:    Font shape `OML/cmr/m/it' in size <14.4> not available
(Font)              Font shape `OML/cmm/m/it' tried instead on input line 146.
LaTeX Font Info:    Font shape `OML/cmr/m/up' in size <10> not available
(Font)              Font shape `OML/cmm/m/it' tried instead on input line 146.
LaTeX Font Info:    Font shape `OML/cmr/m/up' in size <7> not available
(Font)              Font shape `OML/cmm/m/it' tried instead on input line 146.
LaTeX Font Info:    Trying to load font information for OMS+cmr on input line 1
46.
(d:/Programs/texlive/2024/texmf-dist/tex/latex/base/omscmr.fd
File: omscmr.fd 2024/11/19 v2.5n Standard LaTeX font definitions
)

LaTeX Font Warning: Font shape `OMS/cmr/m/up' undefined
(Font)              using `OMS/cmr/m/n' instead on input line 146.

LaTeX Font Info:    Font shape `OMS/cmr/m/n' in size <14.4> not available
(Font)              Font shape `OMS/cmsy/m/n' tried instead on input line 146.
LaTeX Font Info:    Font shape `OMS/cmr/m/up' in size <10> not available
(Font)              Font shape `OMS/cmsy/m/n' tried instead on input line 146.
LaTeX Font Info:    Font shape `OMS/cmr/m/up' in size <7> not available
(Font)              Font shape `OMS/cmsy/m/n' tried instead on input line 146.
LaTeX Font Info:    Trying to load font information for U+msa on input line 146
.
(d:/Programs/texlive/2024/texmf-dist/tex/latex/amsfonts/umsa.fd
File: umsa.fd 2013/01/14 v3.01 AMS symbols A
)
LaTeX Font Info:    Trying to load font information for U+msb on input line 146
.

(d:/Programs/texlive/2024/texmf-dist/tex/latex/amsfonts/umsb.fd
File: umsb.fd 2013/01/14 v3.01 AMS symbols B
)
LaTeX Font Info:    Trying to load font information for U+rsfs on input line 14
6.

(d:/Programs/texlive/2024/texmf-dist/tex/latex/jknapltx/ursfs.fd
File: ursfs.fd 1998/03/24 rsfs font definition file (jk)
)
LaTeX Font Info:    Trying to load font information for PD1+cmr on input line 1
46.
LaTeX Font Info:    No file PD1cmr.fd. on input line 146.


LaTeX Font Warning: Font shape `PD1/cmr/m/up' undefined
(Font)              using `PD1/pdf/m/n' instead on input line 146.

LaTeX Font Info:    Trying to load font information for PU+cmr on input line 14
6.
LaTeX Font Info:    No file PUcmr.fd. on input line 146.

LaTeX Font Warning: Font shape `PU/cmr/m/up' undefined
(Font)              using `PU/pdf/m/n' instead on input line 146.



[2] (./main.toc
LaTeX Font Info:    Font shape `OML/cmr/m/up' in size <12> not available
(Font)              Font shape `OML/cmm/m/it' tried instead on input line 3.
LaTeX Font Info:    Font shape `OML/cmr/m/up' in size <8> not available
(Font)              Font shape `OML/cmm/m/it' tried instead on input line 3.
LaTeX Font Info:    Font shape `OML/cmr/m/up' in size <6> not available
(Font)              Font shape `OML/cmm/m/it' tried instead on input line 3.
LaTeX Font Info:    Font shape `OMS/cmr/m/up' in size <12> not available
(Font)              Font shape `OMS/cmsy/m/n' tried instead on input line 3.
LaTeX Font Info:    Font shape `OMS/cmr/m/up' in size <8> not available
(Font)              Font shape `OMS/cmsy/m/n' tried instead on input line 3.
LaTeX Font Info:    Font shape `OMS/cmr/m/up' in size <6> not available
(Font)              Font shape `OMS/cmsy/m/n' tried instead on input line 3.
)
\tf@toc=\write4
\openout4 = `main.toc'.



[3]

[4]
Overfull \hbox (3.85782pt too wide) in paragraph at lines 183--184
[][]\T2A/cmr/m/up/12 Определить ППЭ, связь со уровнями энергии, молекулярные ор
битали. Оправдать
 []


Overfull \hbox (8.21288pt too wide) in paragraph at lines 185--186
\T2A/cmr/m/up/12 собственной к фиксированному гамильтониану системы, определяем
ой в стационарном
 []


Overfull \hbox (0.3338pt too wide) in paragraph at lines 185--186
\T2A/cmr/m/up/12 уравнении Шредингера []2.1[]. Этот гамильтониан можно разбить 
набор энергетических
 []


Overfull \hbox (4.46045pt too wide) in paragraph at lines 185--186
\T2A/cmr/m/up/12 операторов, отвечающих отдельным элементам движения и взаимоде
йствия в системе.
 []


Overfull \hbox (2.29166pt too wide) in paragraph at lines 194--195
\T2A/cmr/m/up/12 определение волновой функции становится невозможным. Альтернат
ивным способом
 []


Overfull \hbox (14.57599pt too wide) in paragraph at lines 194--195
\T2A/cmr/m/up/12 расчета являются численные методы, основанные на нескольких ба
зовых приближениях
 []


Overfull \hbox (15.22853pt too wide) in paragraph at lines 194--195
\T2A/cmr/m/up/12 и позволяющие получать волновую функцию с точностью, достаточн
ой для корректного
 []


LaTeX Warning: Citation `born-opper' on page 5 undefined on input line 196.


Overfull \hbox (25.67882pt too wide) in paragraph at lines 196--197
[]\T2A/cmr/m/up/12 Первым является приближение Борна-Оппенгеймера [[]], заключа
ющиеся в разделении
 []


Overfull \hbox (0.70778pt too wide) in paragraph at lines 196--197
\T2A/cmr/m/up/12 движущуюся в пространстве конструкцию, можно сделать предполож
ение о схожести
 []


Overfull \hbox (11.75546pt too wide) in paragraph at lines 196--197
\T2A/cmr/m/up/12 порядков импульсов между электронами и ядрами. В то же время и
х массы отличаются
 []


Overfull \hbox (19.66696pt too wide) in paragraph at lines 196--197
\T2A/cmr/m/up/12 называемого электронным. Здесь набор координат атомов $[]$ ста
новится фиксированным
 []



[5]
Overfull \hbox (8.34106pt too wide) in paragraph at lines 205--206
\OML/cmm/m/it/12  []$ \T2A/cmr/m/up/12 (далее для краткости называемой электрон
ной). Связь с полной волновой функцией
 []


Overfull \hbox (0.88695pt too wide) in paragraph at lines 205--206
\T2A/cmr/m/up/12 базиса []2.3[], где коэффициенты линейного разложения $\OML/cm
m/m/it/12 ^^_[]\OT1/cmr/m/n/12 ([])$ \T2A/cmr/m/up/12 получаются из уравнения
 []


Overfull \hbox (21.58945pt too wide) in paragraph at lines 215--216
[]\T2A/cmr/m/up/12 Возвращаясь к электронному уравнению Шредингера, при раскрыт
ии энергетических
 []


Overfull \hbox (4.4148pt too wide) in paragraph at lines 215--216
\T2A/cmr/m/up/12 возможно методом рядов Фурье. Выбор базиса для разложения элек
тронной волновой
 []


Overfull \hbox (23.43651pt too wide) in paragraph at lines 217--218
[]\T2A/cmr/m/up/12 В начале вводится набор функций молекулярных спин-орбиталей 
(МО) $\OMS/cmsy/m/n/12 f\OML/cmm/m/it/12 ^^^[]\OT1/cmr/m/n/12 ([]\OML/cmm/m/it/
12 ; ^^[[]\OT1/cmr/m/n/12 )\OMS/cmsy/m/n/12 g[]$\T2A/cmr/m/up/12 ,
 []


Overfull \hbox (10.93887pt too wide) in paragraph at lines 217--218
\T2A/cmr/m/up/12 электроном. Для гибкости их определяют через линейные комбинац
ии фиксированного
 []


Overfull \hbox (4.68263pt too wide) in paragraph at lines 217--218
\T2A/cmr/m/up/12 набора атомных орбиталей $\OML/cmm/m/it/12 ^^_[]$ \T2A/cmr/m/u
p/12 с варьируемыми коэффициентами $\OML/cmm/m/it/12 c[]$ \T2A/cmr/m/up/12 (зде
сь $\OML/cmm/m/it/12 ^^_[]$ \T2A/cmr/m/up/12 обычно
 []


Overfull \hbox (14.80869pt too wide) in paragraph at lines 217--218
\T2A/cmr/m/up/12 задается комбинацией гауссиан). Выбрав из $\OML/cmm/m/it/12 M$
 \T2A/cmr/m/up/12 спин-орбиталей $\OML/cmm/m/it/12 N$ \T2A/cmr/m/up/12 занятых 
электронами,
 []


Overfull \hbox (50.02408pt too wide) in paragraph at lines 217--218
\OMS/cmsy/m/n/12 f\OT1/cmr/m/n/12 ^^H[]\OMS/cmsy/m/n/12 g$\T2A/cmr/m/up/12 . Та
к как здесь $\OT1/cmr/m/n/12 ^^H[]$ \T2A/cmr/m/up/12 представляет собой некотор
ую конфигурацию системы (фиксированное
 []



[6]
Overfull \hbox (6.65616pt too wide) in paragraph at lines 227--229
[]\T2A/cmr/m/up/12 Таким образом нахождение электронной волновой функции $\OML/
cmm/m/it/12  []$ \T2A/cmr/m/up/12 в методах квантовой
 []


Overfull \hbox (35.90146pt too wide) in paragraph at lines 227--229
\T2A/cmr/m/up/12 минимизации энергии системы. Для дальнейшего анализа полное пр
остранство полученных
 []


Overfull \hbox (2.99886pt too wide) in paragraph at lines 229--230
[]\T2A/cmr/m/up/12 остовные (core) - орбитали внутренних электронных оболочек, 
которые остаются
 []


Overfull \hbox (14.90909pt too wide) in paragraph at lines 231--232
\T2A/cmr/m/up/12 рамках многоконфигурационного разложения, так и при изменении 
межъядерного
 []


Overfull \hbox (3.71397pt too wide) in paragraph at lines 234--235
[]\T2A/cmr/m/up/12 Основным отличием методов квантовой химии является размернос
ть пространства
 []


Overfull \hbox (35.67848pt too wide) in paragraph at lines 234--235
\T2A/cmr/m/up/12 волновая функция $\OML/cmm/m/it/12  []$\T2A/cmr/m/up/12 . Приб
лижения, используемые различными методами для уменьшения
 []


Overfull \hbox (6.3202pt too wide) in paragraph at lines 234--235
\T2A/cmr/m/up/12 самосогласованного поля в полном активном пространстве и много
конфигурационного
 []


Overfull \hbox (48.40338pt too wide) in paragraph at lines 234--235
\T2A/cmr/m/up/12 взаимодействия, являющихся более вычислительно затратными. Так
ое решение продиктовано
 []


Overfull \hbox (40.90904pt too wide) in paragraph at lines 234--235
\T2A/cmr/m/up/12 сложностью орбитальной структуры исследуемых молекул и сильным
 влиянием электронной
 []


Overfull \hbox (48.46312pt too wide) in paragraph at lines 236--236
[]\T2A/cmr/bx/n/14.4 Метод самосогласованного поля в полном активном пространст
ве 
 []


Overfull \hbox (39.11441pt too wide) in paragraph at lines 241--242
\T2A/cmr/m/up/12 в правильном определении энергии состояния с несколькими ведущ
ими конфигурационными
 []



[7]
Overfull \hbox (30.30411pt too wide) in paragraph at lines 243--244
\T2A/cmr/m/up/12 позволяет одновременно избежать проклятия размерности (экспоне
нциального увеличения
 []


Overfull \hbox (5.50456pt too wide) in paragraph at lines 245--246
[]\T2A/cmr/m/up/12 Помимо учета статической корреляции таким важным результатом
 также является
 []


Overfull \hbox (29.58606pt too wide) in paragraph at lines 245--246
\T2A/cmr/m/up/12 возможность оптимизации энергии для нескольких состояний систе
мы, ввиду возможности
 []


Overfull \hbox (16.02673pt too wide) in paragraph at lines 245--246
\T2A/cmr/m/up/12 одним преимуществом является подбор молекулярных орбиталей $\O
ML/cmm/m/it/12 c[]$ \T2A/cmr/m/up/12 с учетом нескольких
 []


Overfull \hbox (3.47177pt too wide) in paragraph at lines 247--248
\T2A/cmr/m/up/12 молекулярных орбиталей обозначается как случай CAS(9,7), кажда
я MO маркируется
 []


Overfull \hbox (16.27278pt too wide) in paragraph at lines 247--248
\T2A/cmr/m/up/12 согласно атомной орбитали с наибольшим процентным вкладом на п
ределе диссоциации.
 []


Overfull \hbox (3.70447pt too wide) in paragraph at lines 247--248
\T2A/cmr/m/up/12 Отдельно для ArC в пространство активных орбиталей была дополн
ительно включена
 []


Overfull \hbox (9.09412pt too wide) in paragraph at lines 249--250
\T2A/cmr/m/up/12 Эта проблема проявляется через появление вкладов более и менее
 диффузных атомных
 []


Overfull \hbox (12.45494pt too wide) in paragraph at lines 249--250
\T2A/cmr/m/up/12 одновременно описывать две различные физические ситуации, допо
лнительно усиливая
 []


Overfull \hbox (12.40723pt too wide) in paragraph at lines 249--250
\T2A/cmr/m/up/12 проблему "компромиссных орбиталей". Для иллюстрации этой пробл
емы ниже показан
 []



[8]
Overfull \hbox (0.93628pt too wide) in paragraph at lines 256--257
[]\T2A/cmr/m/up/12 Для решения данной проблемы применялась процедура усреднения
 по состояниям
 []


Overfull \hbox (50.41931pt too wide) in paragraph at lines 256--257
\T2A/cmr/m/up/12 (state av-er-aged CASSCF, SA-CASSCF) со специальной схемой зад
ания весовых коэффициентов,
 []


Overfull \hbox (9.96411pt too wide) in paragraph at lines 256--257
\T2A/cmr/m/up/12 обеспечивающей равноправный вклад каждого асимптотического пре
дела. Суммарные
 []


Overfull \hbox (11.91779pt too wide) in paragraph at lines 256--257
\T2A/cmr/m/up/12 предела распределялись равномерно. Корректность использованных
 весов проверялась
 []


Overfull \hbox (8.43712pt too wide) in paragraph at lines 256--257
\T2A/cmr/m/up/12 путем сопоставления рассчитанных чисел заселенности молекулярн
ых орбиталей (МО)
 []


Overfull \hbox (2.50244pt too wide) in paragraph at lines 256--257
\T2A/cmr/m/up/12 с значениями заселенностей, полученных путем усреднения конфиг
ураций различных
 []


Overfull \hbox (7.01343pt too wide) in paragraph at lines 258--259
\T2A/cmr/m/up/12 все состояния. Вычисленный методом SA-CASSCF набор конфигураци
онных функций
 []


Overfull \hbox (41.65973pt too wide) in paragraph at lines 258--259
\T2A/cmr/m/up/12 состояний также является хорошим приближением, но не учитывает
 более высокоэнергичные
 []


Overfull \hbox (43.3301pt too wide) in paragraph at lines 258--259
\T2A/cmr/m/up/12 SA-CASSCF пространтвом молекулярных орбиталей проводится расче
т методом MRACPF2a. 
 []


Overfull \hbox (26.55122pt too wide) in paragraph at lines 261--261
[]\T2A/cmr/bx/n/14.4 Многорференсный метод конфигурационного взаимодействия 
 []


Overfull \hbox (8.6087pt too wide) in paragraph at lines 266--267
[]\T2A/cmr/m/up/12 Следующий метод позволяет учесть влияние динамической коррел
яции на точность
 []


Overfull \hbox (33.8935pt too wide) in paragraph at lines 266--267
\T2A/cmr/m/up/12 которые с одной стороны позволяют учесть столкновения электрон
ов через их возбуждение,
 []


Overfull \hbox (40.91599pt too wide) in paragraph at lines 266--267
\T2A/cmr/m/up/12 а с другой расширяют пространство $\OMS/cmsy/m/n/12 f\OT1/cmr/
m/n/12 ^^H[]\OMS/cmsy/m/n/12 g$ \T2A/cmr/m/up/12 в достаточной мере для правиль
ной аппроксимации
 []



[9]
Overfull \hbox (3.8729pt too wide) in paragraph at lines 268--269
\T2A/cmr/m/up/12 возбужденных конфигурационных функций состояния влечет экспоне
нциальный рост
 []


Overfull \hbox (9.84445pt too wide) in paragraph at lines 268--269
\T2A/cmr/m/up/12 вычислительных затрат, полученная такая таким образом волновая
 функция считается
 []


Overfull \hbox (62.05396pt too wide) in paragraph at lines 268--269
\T2A/cmr/m/up/12 точной (над отдельно выделенным пространством молекулярных орб
италей), а соответствующий
 []


Overfull \hbox (2.77773pt too wide) in paragraph at lines 268--269
\T2A/cmr/m/up/12 метод FullCI является эталонным. Однако для сохранения разумно
го времени расчета
 []


Overfull \hbox (10.90332pt too wide) in paragraph at lines 268--269
\T2A/cmr/m/up/12 возбуждениями ограниченного набора $\OMS/cmsy/m/n/12 f\OT1/cmr
/m/n/12 ^^H[]\OMS/cmsy/m/n/12 g[]$\T2A/cmr/m/up/12 , определяемыми в CASSCF. Уп
рощенная
 []


Overfull \hbox (41.56169pt too wide) in paragraph at lines 268--269
\T2A/cmr/m/up/12 подобным образом схема является вариантом многореференсного ме
тода конфигурационного
 []


Overfull \hbox (1.25076pt too wide) in paragraph at lines 270--271
[]\T2A/cmr/m/up/12 В данной работе используется дополненный метод MRCI(SD), мод
ифицированный
 []


Overfull \hbox (33.12785pt too wide) in paragraph at lines 270--271
\T2A/cmr/m/up/12 специально для соблюдения размерной экстенсивности. Проблема с
остоит в несоответствии
 []


Overfull \hbox (56.39447pt too wide) in paragraph at lines 270--271
\T2A/cmr/m/up/12 частей, а причиной служит отсутствие учета более высоких возбу
ждений. В модифицированной
 []


Overfull \hbox (13.98862pt too wide) in paragraph at lines 270--271
\T2A/cmr/m/up/12 версии для включения данного эффекта вводится измененная норми
ровка функционала
 []


Overfull \hbox (37.43507pt too wide) in paragraph at lines 270--271
\T2A/cmr/m/up/12 fects). Полученная схема называется мультирефернсым методом ус
редненного функционала
 []



[10]

LaTeX Warning: Citation `opi' on page 11 undefined on input line 284.


Overfull \hbox (1.9151pt too wide) in paragraph at lines 284--285
[]\T2A/cmr/m/up/12 Практическая реализация вышеописанных квантово-химических ме
тодов и расчет
 []


Overfull \hbox (29.48824pt too wide) in paragraph at lines 284--285
\T2A/cmr/m/up/12 потенциальных кривых исследуемой системы выполнялись с использ
ованием современного
 []


Overfull \hbox (17.79129pt too wide) in paragraph at lines 284--285
\T2A/cmr/m/up/12 программного комплекса Orca 6.1.0-f.0 [[]]. Данный пакет оптим
изирован для проведения
 []


Overfull \hbox (16.95123pt too wide) in paragraph at lines 284--285
\T2A/cmr/m/up/12 высокоуровневых многоконфигурационных расчетов SA-CASSCF и MRA
CPF2a. Вместе
 []


Overfull \hbox (35.19861pt too wide) in paragraph at lines 284--285
\T2A/cmr/m/up/12 массивов данных квантово-химического вывода) был разработан со
бственный программный
 []


Overfull \hbox (35.53748pt too wide) in paragraph at lines 286--287
[]\T2A/cmr/m/up/12 Реализации методов CASSCF и MRACPF2a, доступные в пакете Orc
a [[]], использовались
 []


Overfull \hbox (3.7098pt too wide) in paragraph at lines 286--287
\T2A/cmr/m/up/12 совместно с расширенными корреляционно-согласованными базисным
и наборами aug-
 []


Overfull \hbox (30.70828pt too wide) in paragraph at lines 286--287
\T2A/cmr/m/up/12 базисного набора aug-cc-pwCV$\OMS/cmsy/m/n/12 1$\T2A/cmr/m/up/
12 Z (CBS). Для использования пространственной симметрии
 []


Overfull \hbox (2.28496pt too wide) in paragraph at lines 288--289
\T2A/cmr/m/up/12 разделенных по неприводимым представлениям, выглядит следующим
 образом; здесь
 []


Overfull \hbox (2.72469pt too wide) in paragraph at lines 295--296
[]\T2A/cmr/m/up/12 Аналогичные вычисления были проделаны для нейтральной молеку
лы ArC. Ввиду
 []


Overfull \hbox (19.69897pt too wide) in paragraph at lines 295--296
\T2A/cmr/m/up/12 крайне слабой связанности этого соединения включение высоко во
збужденных состояний
 []


Overfull \hbox (21.16742pt too wide) in paragraph at lines 295--296
\T2A/cmr/m/up/12 является необходимым условием правильного определения термодин
амических функций.
 []


Overfull \hbox (38.5313pt too wide) in paragraph at lines 295--296
\T2A/cmr/m/up/12 В рамках SA-CASSCF/MRACPF2a расчета на сетке межъядерных расст
ояний, включающей
 []



[11]
Overfull \hbox (61.79283pt too wide) in paragraph at lines 306--307
[]\T2A/cmr/m/up/12 Порядковый номер электронного состояния конкретной мультипле
тности и пространственной
 []


Overfull \hbox (21.75475pt too wide) in paragraph at lines 306--307
\T2A/cmr/m/up/12 симметрии (терма) будем обозначать цифрой в скобках, указываем
ой перед его символом.
 []


Overfull \hbox (19.96008pt too wide) in paragraph at lines 306--307
\T2A/cmr/m/up/12 критически важные для последующего расчета термодинамических ф
ункций, включение
 []


Overfull \hbox (24.75677pt too wide) in paragraph at lines 306--307
\T2A/cmr/m/up/12 предотвратить искусственное нарушение пространственной симметр
ии волновой функции
 []


Overfull \hbox (17.95454pt too wide) in paragraph at lines 308--309
\T2A/cmr/m/up/12 энергии в направлении уменьшения межъядерного расстояния. Моле
кулярные орбитали
 []


Overfull \hbox (33.73032pt too wide) in paragraph at lines 308--309
\T2A/cmr/m/up/12 из ранее рассчитанной точки повторно использовались в качестве
 начального приближения.
 []


Overfull \hbox (21.81999pt too wide) in paragraph at lines 308--309
\T2A/cmr/m/up/12 активного пространства и упрощает использование данных неприво
димых представлений
 []


Overfull \hbox (48.56435pt too wide) in paragraph at lines 308--309
\T2A/cmr/m/up/12 для построения пространства активных орбиталей. Результаты, по
лученные с использованием
 []



[12]

LaTeX Warning: Citation `numerov' on page 13 undefined on input line 316.


Overfull \hbox (1.41473pt too wide) in paragraph at lines 316--317
\T2A/cmr/m/up/12 статистической физики с включением стат. суммы, получение кото
рой подразумевает
 []


Overfull \hbox (39.11443pt too wide) in paragraph at lines 316--317
\T2A/cmr/m/up/12 механическом уровне потенциальных кривых к полному набору вращ
ательно-колебательных
 []


Overfull \hbox (11.67455pt too wide) in paragraph at lines 316--317
\T2A/cmr/m/up/12 итерационным методом Нумерова [[]]. Волновая функция $\OML/cmm
/m/it/12  $ \T2A/cmr/m/up/12 раскладывается на угловую
 []


Overfull \hbox (36.43456pt too wide) in paragraph at lines 316--317
\T2A/cmr/m/up/12 части и радиальную, последняя находиться из решения радиальног
о уравнения Шредингера
 []


Overfull \hbox (13.64417pt too wide) in paragraph at lines 316--317
[]\T2A/cmr/m/up/12 3.6[], включающего радиальную зависимость ППЭ $\OML/cmm/m/it
/12 U\OT1/cmr/m/n/12 (\OML/cmm/m/it/12 R\OT1/cmr/m/n/12 )$\T2A/cmr/m/up/12 . Вы
сокоэффективным подходом
 []


Overfull \hbox (30.63042pt too wide) in paragraph at lines 325--326
\T2A/cmr/m/up/12 численное интегрирование уравнения наружу от малых и внутрь от
 больших межъядерных
 []


Overfull \hbox (11.96547pt too wide) in paragraph at lines 338--339
\T2A/cmr/m/up/12 вращательно-колебательных уровней энергии, соответствующий дан
ной потенциальной
 []


Overfull \hbox (8.64502pt too wide) in paragraph at lines 338--339
\T2A/cmr/m/up/12 кривой. Проводя данную процедуру независимо для всех полученны
х ППЭ соединений
 []


Overfull \hbox (37.04434pt too wide) in paragraph at lines 338--339
\T2A/cmr/m/up/12 молекул. В дальнейшем ввиду развития вычислительных технологий
 расчет статистической
 []


Overfull \hbox (12.03078pt too wide) in paragraph at lines 338--339
\T2A/cmr/m/up/12 суммы прямым суммированием по полученному набору уровней не яв
ляется проблемой. 
 []



[13]
Overfull \hbox (35.85136pt too wide) in paragraph at lines 349--351
\T2A/cmr/m/up/12 распределено в объеме и выполняются условия локального термоди
намического равновесия.
 []


Overfull \hbox (17.07207pt too wide) in paragraph at lines 349--351
\T2A/cmr/m/up/12 Далее будет обсуждаться метод расчета статистической суммы $\O
ML/cmm/m/it/12 Q$\T2A/cmr/m/up/12 , энтропии $\OML/cmm/m/it/12 S[]$\T2A/cmr/m/u
p/12 , прироста
 []


LaTeX Warning: Reference `eq:funcs_trans' on page 14 undefined on input line 35
6.


Overfull \hbox (17.25179pt too wide) in paragraph at lines 356--357
\T2A/cmr/m/up/12 внутримолекулярным движением можно ввести такое же разделение 
для статистической
 []


Overfull \hbox (20.41588pt too wide) in paragraph at lines 356--357
\T2A/cmr/m/up/12 свойств газа []. Здесь $\OML/cmm/m/it/12 k$ \T2A/cmr/m/up/12 -
- постоянная Больцмана, $\OML/cmm/m/it/12 R$ \T2A/cmr/m/up/12 -- универсальная 
газовая постоянная,
 []



[14]
Overfull \hbox (12.94444pt too wide) in paragraph at lines 367--368
\T2A/cmr/m/up/12 набору вращательно-колебательных уровней энергии, каждый из ко
торых определяется
 []



[15]
Overfull \hbox (29.09666pt too wide) in paragraph at lines 397--398
\T2A/cmr/m/up/12 состояний двухатомной молекулы, полученных экспериментально ил
и методами квантовой
 []


Overfull \hbox (5.11295pt too wide) in paragraph at lines 397--398
\T2A/cmr/m/up/12 химии, расчет температурных зависимостей термодинамических фун
кций может быть
 []


Overfull \hbox (28.34622pt too wide) in paragraph at lines 397--398
\T2A/cmr/m/up/12 развитие вычислительных возможностей современных компьютеров п
озволило преодолеть
 []


LaTeX Warning: Citation `gasthermo' on page 16 undefined on input line 399.


Overfull \hbox (7.94492pt too wide) in paragraph at lines 399--400
\T2A/cmr/m/up/12 веб-приложение Gas-Thermo [[]] для расчета термодинамических ф
ункций двухатомных
 []


Overfull \hbox (26.96497pt too wide) in paragraph at lines 399--400
\T2A/cmr/m/up/12 ArC$[]$ в условиях масс спектрометрии с использованием индукти
вно связной плазмы.Далее
 []



[16]
LaTeX Font Info:    Font shape `OML/cmr/m/up' in size <17.28> not available
(Font)              Font shape `OML/cmm/m/it' tried instead on input line 402.
LaTeX Font Info:    Font shape `OMS/cmr/m/up' in size <17.28> not available
(Font)              Font shape `OMS/cmsy/m/n' tried instead on input line 402.


Package hyperref Warning: Token not allowed in a PDF string (Unicode):
(hyperref)                removing `math shift' on input line 402.


Package hyperref Warning: Token not allowed in a PDF string (Unicode):
(hyperref)                removing `superscript' on input line 402.


Package hyperref Warning: Token not allowed in a PDF string (Unicode):
(hyperref)                removing `math shift' on input line 402.


Overfull \hbox (0.1673pt too wide) in paragraph at lines 409--410
\T2A/cmr/m/up/12 разделением по мультиплетности. Разность энергий 4.295 eV межд
у двумя пределами
 []


Overfull \hbox (0.93626pt too wide) in paragraph at lines 409--410
\T2A/cmr/m/up/12 и значительные потенциальные ямы возбужденных состояний указыв
ают на заметное
 []


Overfull \hbox (5.50453pt too wide) in paragraph at lines 411--412
[]\T2A/cmr/m/up/12 Поведение каждого состояния определяется его доминирующей ко
нфигурационной
 []


Overfull \hbox (9.84448pt too wide) in paragraph at lines 411--412
\T2A/cmr/m/up/12 функцией состояния, которая коррелирует с определенной орбитал
ьной заселенностью.
 []


Overfull \hbox (29.58624pt too wide) in paragraph at lines 413--414
\T2A/cmr/m/up/12 отмечено в [[]], молекулярное взаимодействие можно описать как
 притяжение электронного
 []


Overfull \hbox (21.1674pt too wide) in paragraph at lines 413--414
\T2A/cmr/m/up/12 применена ко второму пределу: один отсутствующий электрон умен
ьшает экранирование
 []


Overfull \hbox (14.9114pt too wide) in paragraph at lines 413--414
\T2A/cmr/m/up/12 заряда ядра аргона. В случаях с однократно занятой орбиталью A
r(3p$[]$) взаимодействие
 []


Overfull \hbox (9.93636pt too wide) in paragraph at lines 413--414
\T2A/cmr/m/up/12 сильным. Поэтому результирующие состояния $\OT1/cmr/m/n/12 (1)
[]^^F[]$ \T2A/cmr/m/up/12 и $\OT1/cmr/m/n/12 (1)[]^^E$ \T2A/cmr/m/up/12 имеют н
аиболее глубокие
 []


Overfull \hbox (3.29506pt too wide) in paragraph at lines 415--416
\T2A/cmr/m/up/12 электронов на функциях $\OML/cmm/m/it/12 p[]$\T2A/cmr/m/up/12 
, с дважды занятой орбиталью Ar(3p$[]$) и одним электроном
 []


Overfull \hbox (10.55305pt too wide) in paragraph at lines 415--416
\T2A/cmr/m/up/12 мелкую яму приблизительно 800--1000 cm$[]$. Хотя окончательное
 физическое отнесение
 []


Overfull \hbox (33.87439pt too wide) in paragraph at lines 415--416
\T2A/cmr/m/up/12 состояний превращаются в отдельные состояния $\OT1/cmr/m/n/12 
(1)[]^^A$ \T2A/cmr/m/up/12 и $\OT1/cmr/m/n/12 (2)[]^^F[]$ \T2A/cmr/m/up/12 и об
разуют дополнительные
 []



[17]
<images/states_all.png, id=263, 794.97pt x 578.16pt>
File: images/states_all.png Graphic file (type png)
<use images/states_all.png>
Package pdftex.def Info: images/states_all.png  used on input line 419.
(pdftex.def)             Requested size: 455.24411pt x 331.09846pt.

Overfull \hbox (21.82082pt too wide) in paragraph at lines 426--427
[]\T2A/cmr/m/up/12 В этом разделе мы сравниваем настоящие результаты с предыдущ
ими теоретическими
 []


Overfull \hbox (28.89001pt too wide) in paragraph at lines 426--427
\T2A/cmr/m/up/12 исследованиями и с экспериментальными данными из [[]]. Спектро
скопические постоянные
 []


Overfull \hbox (12.35695pt too wide) in paragraph at lines 426--427
\T2A/cmr/m/up/12 затем использованы совместно с двумя низшими уровнями рассчита
нного ровибронного
 []


Overfull \hbox (7.72346pt too wide) in paragraph at lines 428--429
\T2A/cmr/m/up/12 по большинству параметров с потенциалом из [[]], который был в
осстановлен инверсией
 []


Overfull \hbox (2.61792pt too wide) in paragraph at lines 428--429
\T2A/cmr/m/up/12 продвинутых методов. Поэтому настоящее сравнение мы ограничива
ем результатами,
 []



[18]
LaTeX Font Info:    Font shape `OML/cmr/m/up' in size <5> not available
(Font)              Font shape `OML/cmm/m/it' tried instead on input line 435.
LaTeX Font Info:    Font shape `OMS/cmr/m/up' in size <5> not available
(Font)              Font shape `OMS/cmsy/m/n' tried instead on input line 435.

Overfull \hbox (62.97672pt too wide) in paragraph at lines 435--459
 [][] 
 []


Overfull \hbox (6.64659pt too wide) in paragraph at lines 467--468
[]\T2A/cmr/m/up/12 Для расчета термодинамических функций мы использовали кривые
 потенциальной
 []


Overfull \hbox (3.5864pt too wide) in paragraph at lines 467--468
\T2A/cmr/m/up/12 энергии всех связанных состояний. Взаимодействие с программами
 обработки LEVEL
 []


Overfull \hbox (9.4182pt too wide) in paragraph at lines 467--468
\T2A/cmr/m/up/12 Ровибронные энергетические спектры всех рассмотренных состояни
й были объединены
 []


Overfull \hbox (23.05788pt too wide) in paragraph at lines 467--468
\T2A/cmr/m/up/12 для получения итоговых результатов, представленных сплошными л
иниями на Рисунке []2[]. 
 []



[19 <./images/states_all.png>]
Overfull \hbox (20.67793pt too wide) in paragraph at lines 469--470
[]\T2A/cmr/m/up/12 Мы также подчеркиваем важность включения энергетических уров
ней возбужденных
 []


Overfull \hbox (33.40387pt too wide) in paragraph at lines 469--470
\T2A/cmr/m/up/12 состояний в температурную зависимость статистической суммы при
 высоких температурах.
 []


Overfull \hbox (59.92874pt too wide) in paragraph at lines 469--470
\T2A/cmr/m/up/12 Чтобы проиллюстрировать этот момент, несколько дополнительных 
кривых термодинамических
 []


Overfull \hbox (31.26793pt too wide) in paragraph at lines 471--472
\T2A/cmr/m/up/12 ограничены этим диапазоном. Кроме того, табличные данные для в
сех термодинамических
 []


Overfull \hbox (36.88461pt too wide) in paragraph at lines 471--472
\T2A/cmr/m/up/12 вместе с коэффициентами полиномиальной аппроксимации в Таблице
 []3[]. Эта аппроксимация
 []


Overfull \hbox (40.81454pt too wide) in paragraph at lines 471--472
\T2A/cmr/m/up/12 используется стандартными информационными системами, такими ка
к IV-TAN-THERMO [[],
 []



[20]
<images/thermo.png, id=313, 794.97pt x 578.16pt>
File: images/thermo.png Graphic file (type png)
<use images/thermo.png>
Package pdftex.def Info: images/thermo.png  used on input line 482.
(pdftex.def)             Requested size: 386.96027pt x 281.43062pt.
LaTeX Font Info:    Font shape `OML/cmr/m/up' in size <10.95> not available
(Font)              Font shape `OML/cmm/m/it' tried instead on input line 488.
LaTeX Font Info:    Font shape `OMS/cmr/m/up' in size <10.95> not available
(Font)              Font shape `OMS/cmsy/m/n' tried instead on input line 488.

Overfull \hbox (0.68547pt too wide) in paragraph at lines 528--541
[][] 
 []



[21 <./images/thermo.png>]

[22]
Overfull \hbox (28.44402pt too wide) in paragraph at lines 560--561
\T2A/cmr/m/up/12 высоковозбужденных состояний на результаты, особенно при более
 высоких температурах,
 []


Overfull \hbox (67.43187pt too wide) in paragraph at lines 560--561
\T2A/cmr/m/up/12 типичных для масс-спектрометрии с ICP. Следовательно, точное о
пределение термодинамических
 []


Overfull \hbox (2.0729pt too wide) in paragraph at lines 560--561
\T2A/cmr/m/up/12 как расчеты при 6500 K и выше требуют всех 21 состояний двух п
ределов диссоциации
 []


Overfull \hbox (35.30072pt too wide) in paragraph at lines 568--569
[]\T2A/cmr/m/up/12 Здесь необходимо написать приложение, которое вы должны прид
умать самостоятельно. 
 []



[23] (./main.bbl
LaTeX Font Info:    Trying to load font information for T2A+cmtt on input line 
15.

(d:/Programs/texlive/2024/texmf-dist/tex/latex/cyrillic/t2acmtt.fd
File: t2acmtt.fd 2001/08/11 v1.0a Computer Modern Cyrillic font definitions
)
Underfull \hbox (badness 1117) in paragraph at lines 28--34
[]\T2A/cmr/m/up/12 Basis-set con-ver-gence of cor-re-lated cal-cu-la-tions on w
a-ter / Trygve Hel-gaker,
 []



[24]
Underfull \hbox (badness 10000) in paragraph at lines 152--158
[]\T2A/cmr/m/it/12 Ivanic, Joseph\T2A/cmr/m/up/12 . Di-rect con-fig-u-ra-tion i
n-ter-ac-tion and mul-ti-con-fig-u-ra-
 []


Underfull \hbox (badness 10000) in paragraph at lines 152--158
\T2A/cmr/m/up/12 tional self-consistent-field method for mul-ti-ple ac-tive spa
ces with vari-
 []


Underfull \hbox (badness 2894) in paragraph at lines 152--158
\T2A/cmr/m/up/12 able oc-cu-pa-tions. I. Method / Joseph Ivanic. ---  Vol. 119,
 no. 18. ---
 []


Underfull \hbox (badness 10000) in paragraph at lines 152--158
\T2A/cmr/m/up/12 Pp. 9364--9376. []$\T2A/cmtt/m/n/12 https : / / pubs . aip . o
rg / jcp / article / 119 / 18 / 9364 / 446614 /
 []

)

[25]

[26{d:/Programs/texlive/2024/texmf-dist/fonts/enc/dvips/cm-super/cm-super-ts1.e
nc}]

[27] (./main.aux)
 ***********
LaTeX2e <2024-11-01> patch level 2
L3 programming layer <2025-01-18>
 ***********


LaTeX Font Warning: Some font shapes were not available, defaults substituted.


LaTeX Warning: There were undefined references.

Package rerunfilecheck Info: File `main.out' has not changed.
(rerunfilecheck)             Checksum: 3CCAE9CF5136013BB05FDF969897A675;6898.
 ) 
Here is how much of TeX's memory you used:
 17136 strings out of 473201
 273867 string characters out of 5715610
 695311 words of memory out of 5000000
 39895 multiletter control sequences out of 15000+600000
 594102 words of font info for 131 fonts, out of 8000000 for 9000
 1141 hyphenation exceptions out of 8191
 75i,21n,79p,2587b,593s stack positions out of 10000i,1000n,20000p,200000b,200000s
<d:/Programs/texlive/2024/texmf-dist/fonts/type1/public/amsfonts/cm/cmbx12.pf
b><d:/Programs/texlive/2024/texmf-dist/fonts/type1/public/amsfonts/cm/cmbx8.pfb
><d:/Programs/texlive/2024/texmf-dist/fonts/type1/public/amsfonts/cm/cmex10.pfb
><d:/Programs/texlive/2024/texmf-dist/fonts/type1/public/amsfonts/cm/cmmi10.pfb
><d:/Programs/texlive/2024/texmf-dist/fonts/type1/public/amsfonts/cm/cmmi12.pfb
><d:/Programs/texlive/2024/texmf-dist/fonts/type1/public/amsfonts/cm/cmmi6.pfb>
<d:/Programs/texlive/2024/texmf-dist/fonts/type1/public/amsfonts/cm/cmmi7.pfb><
d:/Programs/texlive/2024/texmf-dist/fonts/type1/public/amsfonts/cm/cmmi8.pfb><d
:/Programs/texlive/2024/texmf-dist/fonts/type1/public/amsfonts/cm/cmmib10.pfb><
d:/Programs/texlive/2024/texmf-dist/fonts/type1/public/amsfonts/cm/cmr10.pfb><d
:/Programs/texlive/2024/texmf-dist/fonts/type1/public/amsfonts/cm/cmr12.pfb><d:
/Programs/texlive/2024/texmf-dist/fonts/type1/public/amsfonts/cm/cmr6.pfb><d:/P
rograms/texlive/2024/texmf-dist/fonts/type1/public/amsfonts/cm/cmr7.pfb><d:/Pro
grams/texlive/2024/texmf-dist/fonts/type1/public/amsfonts/cm/cmr8.pfb><d:/Progr
ams/texlive/2024/texmf-dist/fonts/type1/public/amsfonts/cm/cmsy10.pfb><d:/Progr
ams/texlive/2024/texmf-dist/fonts/type1/public/amsfonts/cm/cmsy7.pfb><d:/Progra
ms/texlive/2024/texmf-dist/fonts/type1/public/amsfonts/cm/cmsy8.pfb><d:/Program
s/texlive/2024/texmf-dist/fonts/type1/public/cm-super/sfbi0800.pfb><d:/Programs
/texlive/2024/texmf-dist/fonts/type1/public/cm-super/sfbi1200.pfb><d:/Programs/
texlive/2024/texmf-dist/fonts/type1/public/cm-super/sfbx1095.pfb><d:/Programs/t
exlive/2024/texmf-dist/fonts/type1/public/cm-super/sfbx1200.pfb><d:/Programs/te
xlive/2024/texmf-dist/fonts/type1/public/cm-super/sfbx1440.pfb><d:/Programs/tex
live/2024/texmf-dist/fonts/type1/public/cm-super/sfbx1728.pfb><d:/Programs/texl
ive/2024/texmf-dist/fonts/type1/public/cm-super/sfrm0800.pfb><d:/Programs/texli
ve/2024/texmf-dist/fonts/type1/public/cm-super/sfrm1000.pfb><d:/Programs/texliv
e/2024/texmf-dist/fonts/type1/public/cm-super/sfrm1095.pfb><d:/Programs/texlive
/2024/texmf-dist/fonts/type1/public/cm-super/sfrm1200.pfb><d:/Programs/texlive/
2024/texmf-dist/fonts/type1/public/cm-super/sfrm1440.pfb><d:/Programs/texlive/2
024/texmf-dist/fonts/type1/public/cm-super/sfrm2074.pfb><d:/Programs/texlive/20
24/texmf-dist/fonts/type1/public/cm-super/sfti1200.pfb><d:/Programs/texlive/202
4/texmf-dist/fonts/type1/public/cm-super/sfti1440.pfb><d:/Programs/texlive/2024
/texmf-dist/fonts/type1/public/cm-super/sftt1200.pfb>
Output written on main.pdf (27 pages, 797399 bytes).
PDF statistics:
 507 PDF objects out of 1000 (max. 8388607)
 429 compressed objects within 5 object streams
 101 named destinations out of 1000 (max. 500000)
 212 words of extra memory for PDF output out of 10000 (max. 10000000)

